<?xml version="1.0" encoding="UTF-8"?>
<!-- Generated by org.testng.reporters.JUnitReportReporter -->
<testsuite hostname="DESKTOP-4MEIVF5" failures="0" tests="3" name="dsalgo_Testscenarios.Tree_TC" time="11.059" errors="0" timestamp="2023-03-10T00:03:23 EST" skipped="0">
  <testcase classname="dsalgo_Testscenarios.Tree_TC" name="Tree" time="6.298"/>
  <system-out/>
  <testcase classname="dsalgo_Testscenarios.Tree_TC" name="Tree_TextEditor" time="2.576"/>
  <system-out/>
  <testcase classname="dsalgo_Testscenarios.Tree_TC" name="back_to_Home" time="2.185"/>
  <system-out/>
</testsuite> <!-- dsalgo_Testscenarios.Tree_TC -->
