<?xml version="1.0" encoding="UTF-8"?>
<!-- Generated by org.testng.reporters.JUnitReportReporter -->
<testsuite hostname="DESKTOP-4MEIVF5" failures="0" tests="9" name="dsalgo_Testscenarios.LinkedList_TC" time="8.706" errors="0" timestamp="2023-03-10T00:03:23 EST" skipped="0">
  <testcase classname="dsalgo_Testscenarios.LinkedList_TC" name="Linkedlistpage" time="0.308"/>
  <system-out/>
  <testcase classname="dsalgo_Testscenarios.LinkedList_TC" name="LinkedList_Introduction" time="0.957"/>
  <system-out/>
  <testcase classname="dsalgo_Testscenarios.LinkedList_TC" name="LinkedList_Create" time="0.882"/>
  <system-out/>
  <testcase classname="dsalgo_Testscenarios.LinkedList_TC" name="LinkedList_Types" time="1.098"/>
  <system-out/>
  <testcase classname="dsalgo_Testscenarios.LinkedList_TC" name="LinkedList_implement" time="0.952"/>
  <system-out/>
  <testcase classname="dsalgo_Testscenarios.LinkedList_TC" name="LinkedList_trasversal" time="1.360"/>
  <system-out/>
  <testcase classname="dsalgo_Testscenarios.LinkedList_TC" name="LinkedList_insertion" time="1.309"/>
  <system-out/>
  <testcase classname="dsalgo_Testscenarios.LinkedList_TC" name="LinkedList_Deletion" time="1.369"/>
  <system-out/>
  <testcase classname="dsalgo_Testscenarios.LinkedList_TC" name="LinkedList_PracticeQuestion" time="0.471"/>
  <system-out/>
</testsuite> <!-- dsalgo_Testscenarios.LinkedList_TC -->
