<?xml version="1.0" encoding="UTF-8"?>
<!-- Generated by org.testng.reporters.JUnitReportReporter -->
<testsuite hostname="DESKTOP-4MEIVF5" failures="0" tests="6" name="dsalgo_Testscenarios.Queue_TC" time="6.651" errors="0" timestamp="2023-03-10T00:03:23 EST" skipped="0">
  <testcase classname="dsalgo_Testscenarios.Queue_TC" name="b_Queuepage" time="1.351"/>
  <system-out/>
  <testcase classname="dsalgo_Testscenarios.Queue_TC" name="exutePythonCode" time="0.807"/>
  <system-out/>
  <testcase classname="dsalgo_Testscenarios.Queue_TC" name="exuteCollectionse" time="1.082"/>
  <system-out/>
  <testcase classname="dsalgo_Testscenarios.Queue_TC" name="excuteusingarray" time="1.397"/>
  <system-out/>
  <testcase classname="dsalgo_Testscenarios.Queue_TC" name="excuteQueueOperation" time="1.172"/>
  <system-out/>
  <testcase classname="dsalgo_Testscenarios.Queue_TC" name="excutepracticequestions" time="0.842"/>
  <system-out/>
</testsuite> <!-- dsalgo_Testscenarios.Queue_TC -->
