<?xml version="1.0" encoding="UTF-8"?>
<!-- Generated by org.testng.reporters.JUnitReportReporter -->
<testsuite hostname="DESKTOP-4MEIVF5" failures="0" tests="2" name="dsalgo_Testscenarios.Data_Structures_TC" time="4.256" errors="0" timestamp="2023-03-10T00:03:23 EST" skipped="0">
  <testcase classname="dsalgo_Testscenarios.Data_Structures_TC" name="Timecomplex" time="1.388"/>
  <system-out/>
  <testcase classname="dsalgo_Testscenarios.Data_Structures_TC" name="DSText_editor" time="2.868"/>
  <system-out/>
</testsuite> <!-- dsalgo_Testscenarios.Data_Structures_TC -->
