<?xml version="1.0" encoding="UTF-8"?>
<!-- Generated by org.testng.reporters.JUnitReportReporter -->
<testsuite hostname="DESKTOP-4MEIVF5" failures="0" tests="5" name="dsalgo_Testscenarios.Stack_TC" time="7.632" errors="0" timestamp="2023-03-10T00:03:23 EST" skipped="0">
  <testcase classname="dsalgo_Testscenarios.Stack_TC" name="b_Stackpage" time="1.321"/>
  <system-out/>
  <testcase classname="dsalgo_Testscenarios.Stack_TC" name="exuteoperationinstack" time="1.397"/>
  <system-out/>
  <testcase classname="dsalgo_Testscenarios.Stack_TC" name="exuteImplemation" time="1.342"/>
  <system-out/>
  <testcase classname="dsalgo_Testscenarios.Stack_TC" name="exutapplications" time="1.454"/>
  <system-out/>
  <testcase classname="dsalgo_Testscenarios.Stack_TC" name="excutepracticequestions" time="2.118"/>
  <system-out/>
</testsuite> <!-- dsalgo_Testscenarios.Stack_TC -->
