<?xml version="1.0" encoding="UTF-8"?>
<!-- Generated by org.testng.reporters.JUnitReportReporter -->
<testsuite hostname="DESKTOP-4MEIVF5" failures="0" tests="2" name="dsalgo_Testscenarios.Data_Structures_TC" time="3.810" errors="0" timestamp="2023-03-09T19:22:18 EST" skipped="0">
  <testcase classname="dsalgo_Testscenarios.Data_Structures_TC" name="Timecomplex" time="1.018"/>
  <system-out/>
  <testcase classname="dsalgo_Testscenarios.Data_Structures_TC" name="DSText_editor" time="2.792"/>
  <system-out/>
</testsuite> <!-- dsalgo_Testscenarios.Data_Structures_TC -->
