<?xml version="1.0" encoding="UTF-8"?>
<!-- Generated by org.testng.reporters.JUnitReportReporter -->
<testsuite hostname="DESKTOP-4MEIVF5" failures="0" tests="6" name="dsalgo_Testscenarios.Queue_TC" time="6.147" errors="0" timestamp="2023-03-09T19:22:18 EST" skipped="0">
  <testcase classname="dsalgo_Testscenarios.Queue_TC" name="b_Queuepage" time="1.239"/>
  <system-out/>
  <testcase classname="dsalgo_Testscenarios.Queue_TC" name="exutePythonCode" time="1.001"/>
  <system-out/>
  <testcase classname="dsalgo_Testscenarios.Queue_TC" name="exuteCollectionse" time="1.194"/>
  <system-out/>
  <testcase classname="dsalgo_Testscenarios.Queue_TC" name="excuteusingarray" time="1.126"/>
  <system-out/>
  <testcase classname="dsalgo_Testscenarios.Queue_TC" name="excuteQueueOperation" time="0.880"/>
  <system-out/>
  <testcase classname="dsalgo_Testscenarios.Queue_TC" name="excutepracticequestions" time="0.707"/>
  <system-out/>
</testsuite> <!-- dsalgo_Testscenarios.Queue_TC -->
