<?xml version="1.0" encoding="UTF-8"?>
<!-- Generated by org.testng.reporters.JUnitReportReporter -->
<testsuite hostname="DESKTOP-4MEIVF5" failures="0" tests="9" name="dsalgo_Testscenarios.LinkedList_TC" time="7.426" errors="0" timestamp="2023-03-09T19:22:18 EST" skipped="0">
  <testcase classname="dsalgo_Testscenarios.LinkedList_TC" name="Linkedlistpage" time="0.316"/>
  <system-out/>
  <testcase classname="dsalgo_Testscenarios.LinkedList_TC" name="LinkedList_Introduction" time="0.864"/>
  <system-out/>
  <testcase classname="dsalgo_Testscenarios.LinkedList_TC" name="LinkedList_Create" time="1.011"/>
  <system-out/>
  <testcase classname="dsalgo_Testscenarios.LinkedList_TC" name="LinkedList_Types" time="1.380"/>
  <system-out/>
  <testcase classname="dsalgo_Testscenarios.LinkedList_TC" name="LinkedList_implement" time="0.965"/>
  <system-out/>
  <testcase classname="dsalgo_Testscenarios.LinkedList_TC" name="LinkedList_trasversal" time="0.743"/>
  <system-out/>
  <testcase classname="dsalgo_Testscenarios.LinkedList_TC" name="LinkedList_insertion" time="0.881"/>
  <system-out/>
  <testcase classname="dsalgo_Testscenarios.LinkedList_TC" name="LinkedList_Deletion" time="0.866"/>
  <system-out/>
  <testcase classname="dsalgo_Testscenarios.LinkedList_TC" name="LinkedList_PracticeQuestion" time="0.400"/>
  <system-out/>
</testsuite> <!-- dsalgo_Testscenarios.LinkedList_TC -->
