<?xml version="1.0" encoding="UTF-8"?>
<!-- Generated by org.testng.reporters.JUnitReportReporter -->
<testsuite hostname="DESKTOP-4MEIVF5" failures="0" tests="3" name="dsalgo_Testscenarios.Tree_TC" time="13.422" errors="0" timestamp="2023-03-09T19:22:18 EST" skipped="0">
  <testcase classname="dsalgo_Testscenarios.Tree_TC" name="Tree" time="8.800"/>
  <system-out/>
  <testcase classname="dsalgo_Testscenarios.Tree_TC" name="Tree_TextEditor" time="2.517"/>
  <system-out/>
  <testcase classname="dsalgo_Testscenarios.Tree_TC" name="back_to_Home" time="2.105"/>
  <system-out/>
</testsuite> <!-- dsalgo_Testscenarios.Tree_TC -->
